# JRE version: Java(TM) SE Runtime Environment (17.0.10+11) (build 17.0.10+11-LTS-240)
# Java VM: Java HotSpot(TM) 64-Bit Server VM (17.0.10+11-LTS-240, mixed mode, sharing, tiered, compressed oops, compressed class ptrs, g1 gc, windows-amd64)
GC Precious Log:
 CPUs: 12 total, 12 available
 Memory: 16057M
 Large Page Support: Disabled
 NUMA Support: Disabled
 Compressed Oops: Enabled (32-bit)
 Heap Region Size: 1M
 Heap Min Capacity: 8M
 Heap Initial Capacity: 252M
 Heap Max Capacity: 2G
 Pre-touch: Disabled
 Parallel Workers: 10
 Concurrent Workers: 3
 Concurrent Refinement Workers: 10
 Periodic GC: Disabled
Heap:
 garbage-first heap   total 384000K, used 200041K [0x0000000080000000, 0x0000000100000000)
  region size 1024K, 3 young (3072K), 3 survivors (3072K)
 Metaspace       used 106796K, committed 108032K, reserved 557056K
  class space    used 14851K, committed 15424K, reserved 425984K
GC Heap History (20 events):
Event: 61.581 GC heap after
{Heap after GC invocations=91 (full 0):
 garbage-first heap   total 256000K, used 213502K [0x0000000080000000, 0x0000000100000000)
  region size 1024K, 1 young (1024K), 1 survivors (1024K)
 Metaspace       used 105702K, committed 106880K, reserved 557056K
  class space    used 14722K, committed 15232K, reserved 425984K
}
Event: 61.764 GC heap before
{Heap before GC invocations=91 (full 0):
 garbage-first heap   total 256000K, used 224766K [0x0000000080000000, 0x0000000100000000)
  region size 1024K, 12 young (12288K), 1 survivors (1024K)
 Metaspace       used 106202K, committed 107392K, reserved 557056K
  class space    used 14773K, committed 15296K, reserved 425984K
}
Event: 61.767 GC heap after
{Heap after GC invocations=92 (full 0):
 garbage-first heap   total 256000K, used 213637K [0x0000000080000000, 0x0000000100000000)
  region size 1024K, 1 young (1024K), 1 survivors (1024K)
 Metaspace       used 106202K, committed 107392K, reserved 557056K
  class space    used 14773K, committed 15296K, reserved 425984K
}
Event: 61.971 GC heap before
{Heap before GC invocations=92 (full 0):
 garbage-first heap   total 256000K, used 224901K [0x0000000080000000, 0x0000000100000000)
  region size 1024K, 12 young (12288K), 1 survivors (1024K)
 Metaspace       used 106427K, committed 107648K, reserved 557056K
  class space    used 14798K, committed 15360K, reserved 425984K
}
Event: 61.974 GC heap after
{Heap after GC invocations=93 (full 0):
 garbage-first heap   total 256000K, used 216248K [0x0000000080000000, 0x0000000100000000)
  region size 1024K, 2 young (2048K), 2 survivors (2048K)
 Metaspace       used 106427K, committed 107648K, reserved 557056K
  class space    used 14798K, committed 15360K, reserved 425984K
}
Event: 62.444 GC heap before
{Heap before GC invocations=93 (full 0):
 garbage-first heap   total 256000K, used 226488K [0x0000000080000000, 0x0000000100000000)
  region size 1024K, 12 young (12288K), 2 survivors (2048K)
 Metaspace       used 106733K, committed 107968K, reserved 557056K
  class space    used 14849K, committed 15424K, reserved 425984K
}
Event: 62.448 GC heap after
{Heap after GC invocations=94 (full 0):
 garbage-first heap   total 256000K, used 218363K [0x0000000080000000, 0x0000000100000000)
  region size 1024K, 2 young (2048K), 2 survivors (2048K)
 Metaspace       used 106733K, committed 107968K, reserved 557056K
  class space    used 14849K, committed 15424K, reserved 425984K
}
Event: 63.037 GC heap before
{Heap before GC invocations=94 (full 0):
 garbage-first heap   total 256000K, used 228603K [0x0000000080000000, 0x0000000100000000)
  region size 1024K, 12 young (12288K), 2 survivors (2048K)
 Metaspace       used 106788K, committed 108032K, reserved 557056K
  class space    used 14851K, committed 15424K, reserved 425984K
}
Event: 63.040 GC heap after
{Heap after GC invocations=95 (full 0):
 garbage-first heap   total 256000K, used 220352K [0x0000000080000000, 0x0000000100000000)
  region size 1024K, 2 young (2048K), 2 survivors (2048K)
 Metaspace       used 106788K, committed 108032K, reserved 557056K
  class space    used 14851K, committed 15424K, reserved 425984K
}
Event: 63.108 GC heap before
{Heap before GC invocations=95 (full 0):
 garbage-first heap   total 256000K, used 229568K [0x0000000080000000, 0x0000000100000000)
  region size 1024K, 12 young (12288K), 2 survivors (2048K)
 Metaspace       used 106789K, committed 108032K, reserved 557056K
  class space    used 14851K, committed 15424K, reserved 425984K
}
Event: 63.111 GC heap after
{Heap after GC invocations=96 (full 0):
 garbage-first heap   total 256000K, used 223158K [0x0000000080000000, 0x0000000100000000)
  region size 1024K, 2 young (2048K), 2 survivors (2048K)
 Metaspace       used 106789K, committed 108032K, reserved 557056K
  class space    used 14851K, committed 15424K, reserved 425984K
}
Event: 63.175 GC heap before
{Heap before GC invocations=96 (full 0):
 garbage-first heap   total 256000K, used 232374K [0x0000000080000000, 0x0000000100000000)
  region size 1024K, 12 young (12288K), 2 survivors (2048K)
 Metaspace       used 106789K, committed 108032K, reserved 557056K
  class space    used 14851K, committed 15424K, reserved 425984K
}
Event: 63.179 GC heap after
{Heap after GC invocations=97 (full 0):
 garbage-first heap   total 256000K, used 225004K [0x0000000080000000, 0x0000000100000000)
  region size 1024K, 2 young (2048K), 2 survivors (2048K)
 Metaspace       used 106789K, committed 108032K, reserved 557056K
  class space    used 14851K, committed 15424K, reserved 425984K
}
Event: 63.244 GC heap before
{Heap before GC invocations=97 (full 0):
 garbage-first heap   total 256000K, used 234220K [0x0000000080000000, 0x0000000100000000)
  region size 1024K, 12 young (12288K), 2 survivors (2048K)
 Metaspace       used 106796K, committed 108032K, reserved 557056K
  class space    used 14851K, committed 15424K, reserved 425984K
}
Event: 63.247 GC heap after
{Heap after GC invocations=98 (full 0):
 garbage-first heap   total 256000K, used 226338K [0x0000000080000000, 0x0000000100000000)
  region size 1024K, 2 young (2048K), 2 survivors (2048K)
 Metaspace       used 106796K, committed 108032K, reserved 557056K
  class space    used 14851K, committed 15424K, reserved 425984K
}
Event: 63.388 GC heap before
{Heap before GC invocations=98 (full 0):
 garbage-first heap   total 256000K, used 235554K [0x0000000080000000, 0x0000000100000000)
  region size 1024K, 12 young (12288K), 2 survivors (2048K)
 Metaspace       used 106796K, committed 108032K, reserved 557056K
  class space    used 14851K, committed 15424K, reserved 425984K
}
Event: 63.392 GC heap after
{Heap after GC invocations=99 (full 0):
 garbage-first heap   total 256000K, used 227513K [0x0000000080000000, 0x0000000100000000)
  region size 1024K, 2 young (2048K), 2 survivors (2048K)
 Metaspace       used 106796K, committed 108032K, reserved 557056K
  class space    used 14851K, committed 15424K, reserved 425984K
}
Event: 63.532 GC heap before
{Heap before GC invocations=100 (full 0):
 garbage-first heap   total 384000K, used 236729K [0x0000000080000000, 0x0000000100000000)
  region size 1024K, 12 young (12288K), 2 survivors (2048K)
 Metaspace       used 106796K, committed 108032K, reserved 557056K
  class space    used 14851K, committed 15424K, reserved 425984K
}
Event: 63.536 GC heap after
{Heap after GC invocations=101 (full 0):
 garbage-first heap   total 384000K, used 228661K [0x0000000080000000, 0x0000000100000000)
  region size 1024K, 2 young (2048K), 2 survivors (2048K)
 Metaspace       used 106796K, committed 108032K, reserved 557056K
  class space    used 14851K, committed 15424K, reserved 425984K
}
Event: 63.704 GC heap before
{Heap before GC invocations=101 (full 0):
 garbage-first heap   total 384000K, used 244021K [0x0000000080000000, 0x0000000100000000)
  region size 1024K, 18 young (18432K), 2 survivors (2048K)
 Metaspace       used 106796K, committed 108032K, reserved 557056K
  class space    used 14851K, committed 15424K, reserved 425984K
}

